<?xml version="1.0" encoding="UTF-8"?>
<testsuite name="OrderBookLoggerTest" tests="1" skipped="0" failures="0" errors="0" timestamp="2023-08-28T03:12:53" hostname="DESKTOP-48V5DT1" time="0.015">
  <properties/>
  <testcase name="TestPrintTrades()" classname="OrderBookLoggerTest" time="0.015"/>
  <system-out><![CDATA[]]></system-out>
  <system-err><![CDATA[]]></system-err>
</testsuite>
