<?xml version="1.0" encoding="UTF-8"?>
<testsuite name="OrderBookTest" tests="1" skipped="0" failures="0" errors="0" timestamp="2023-08-30T13:27:17" hostname="DESKTOP-48V5DT1" time="0.016">
  <properties/>
  <testcase name="TestAggressiveIcebergEntryTwoTrades()" classname="OrderBookTest" time="0.016"/>
  <system-out><![CDATA[1,2,100,100
3,2,100,125
]]></system-out>
  <system-err><![CDATA[]]></system-err>
</testsuite>
