<?xml version="1.0" encoding="UTF-8"?>
<testsuite name="OrderParserTest" tests="2" skipped="0" failures="0" errors="0" timestamp="2023-08-29T00:36:55" hostname="DESKTOP-48V5DT1" time="0.015">
  <properties/>
  <testcase name="TestParseLimitOrder()" classname="OrderParserTest" time="0.013"/>
  <testcase name="TestParseIcebergOrder()" classname="OrderParserTest" time="0.001"/>
  <system-out><![CDATA[]]></system-out>
  <system-err><![CDATA[]]></system-err>
</testsuite>
